nohup: ignoring input
[0] CACHE OK: Patung Titi Banda -> 38189322
[1] CACHE OK: Uma.palak.(parkir.2) -> 34905643
[2] CACHE OK: Tukad Bindu Park -> 35833514
[3] CACHE OK: Pantai Padang Galak -> 36299199
[4] CACHE OK: Museum Le Mayeur -> 35643903
[5] CACHE OK: Lapangan Puputan Badung (I Gusti Ngurah Made Agung) -> 36184009
[6] CACHE OK: Lapangan Lumintang -> 38041657
[7] CACHE OK: Air Terjun Juwuk Manis -> 37823647
[8] CACHE OK: Pasar Sindu -> 32653985
[9] CACHE OK: Taman Radha Bali (TRB) -> 35129856
[10] CACHE OK: Tukad Loloan Sanur -> 32585176
[11] CACHE OK: DERMAGA 2 WISATA AIR KAMPUNG ISLAM KEPAON -> 35173092
[12] CACHE OK: Pantai Muntig Siokan Sidakarya -> 35008816
[13] CACHE OK: Pantai Double - Six -> 36137288
[14] CACHE OK: Daiin Aquarium -> 34356774
[15] CACHE OK: Lapangan Puputan Renon -> 16395467
[16] CACHE OK: Liburan murah bali -> 32110857
[17] CACHE OK: Monumen Bajra Sandhi -> 34955126
[18] CACHE OK: Desa Budaya Kertalangu -> 36415760
[19] CACHE OK: Duyung Beach -> 33581369
[20] CACHE OK: Bali Tours Club -> 35246692
[21] CACHE OK: Pantai Perancak -> 34356770
[22] CACHE OK: Dom Tour and Travel -> 29377720
[23] CACHE OK: Taman Janggan Renon Denpasar -> 35072001
[24] CACHE OK: Bali Aquarium. CV -> 38189889
[25] CACHE OK: Pasar Seni Kumbasari -> 38189890
[26] CACHE OK: Bendungan Palasari -> 35071328
[27] CACHE OK: Pantai Sindhu -> 32314301
[28] CACHE OK: Taman Wisata Hotel -> 35428412
[29] CACHE OK: Taman Nasional Bali Barat -> 35838820
[30] CACHE OK: Taman Kumbasari -> 34595059
[31] CACHE OK: Taman Kota Sewaka Dharma -> 32877827
[32] CACHE OK: Bunut Bolong -> 8630734
[33] CACHE OK: Obyek Wisata Alam Green Cliff -> 30286820
[34] CACHE OK: Kos Ling Ling Penatih Denpasar -> 38189893
[35] CACHE OK: MainDiBali Rental Car , Vespa , dan Tour -> 31758482
[36] CACHE OK: Pura Bedugul -> 33344641
[37] CACHE OK: dream island bali beach club -> 34609172
[38] CACHE OK: Pantai Matahari Terbit Sanur -> 6965498
[39] CACHE OK: Taman Pancing -> 35588736
[40] CACHE OK: Trans Studio Theme Park Bali -> 33437921
[41] CACHE OK: Pura Blanjong -> 30678122
[42] CACHE OK: Pantai Candikusuma -> 35182276
[43] CACHE OK: Taman Inspirasi Mertasari -> 35144895
[44] CACHE OK: Tanah Lot -> 37927347
[45] CACHE OK: Lapangan Niti Mandala Renon - Monumen Perjuangan Rakyat Bali -> 36109881
[46] CACHE OK: Taman Bali, Padang Galak -> 36548781
[47] CACHE OK: Taman Werdhi Budaya Art Centre -> 38189321
[48] CACHE OK: Dewata Bali Travel - Paket Wisata dan Liburan di Bali -> 36105989
[49] CACHE OK: Ekowisata Subak Sembung, Peguyangan -> 35343781
[50] CACHE OK: Bali Wake Park & Aqualand -> 35130256
[51] CACHE OK: Upside Down World Bali -> 36856728
[52] CACHE OK: Pantai Soan Galuh -> 32169987
[53] CACHE OK: Pantai Sanur -> 12223395
[54] CACHE OK: Turtle Conservation And Education Center -> 2435728
[55] CACHE OK: Pantai -> 36284645
[56] CACHE OK: Big Garden Corner -> 34160987
[57] CACHE OK: Gili Putih Sumberkima -> 37951596
[58] CACHE OK: Taman Kota Br. Buagan -> 34633698
[59] CACHE OK: Dermaga Serangan -> 36521505
[60] CACHE OK: Pondok wisata teratai indah -> 36802525
[61] CACHE OK: Kolam renang Citraland -> 36418268
[62] CACHE OK: Pantai Serangan -> 33029449
[63] CACHE OK: Bali Dolphin interaction -> 35364618
[64] CACHE OK: Rekreasi Kano -> 33260846
[65] CACHE OK: Embung Sanur -> 15006747
[66] CACHE OK: Segara Ayu Beach -> 36913571
[67] CACHE OK: Pantai Bopel -> 34771552
[68] CACHE OK: Pantai Bangsal -> 34356772
[69] CACHE OK: Wisata Bali Penida -> 36483325
[70] CACHE OK: Pantai Gumicik -> 35219409
[71] CACHE OK: Taman Gong Perdamaian Kertalangu -> 29377743
[72] CACHE OK: Pura Sakenan -> 32877838
[73] CACHE OK: Taman Pancing Timur -> 34467002
[74] CACHE OK: Bali and Nusa Penida Tour -> 30286819
[75] CACHE OK: Taman Hutan Raya (Tahura) Ngurah Rai -> 36529307
[76] CACHE OK: KUB SIMBAR SEGARA -> 32543900
[77] CACHE OK: Pantai Biaung -> 11621827
[78] CACHE OK: Pengembak beach -> 35833347
[79] CACHE OK: Vihara Satya Dharma -> 33570259
[80] CACHE OK: Pelabuhan SANUR -> 35328712
[81] CACHE OK: Pantai Duyung -> 36548779
[82] CACHE OK: TAMAN PANCING BARAT -> 38152108
[83] CACHE OK: Patung Catur Muka Denpasar -> 35994519
[84] CACHE OK: Andaru Bhumi -> 32267355
[85] CACHE OK: Pura Dalem Pengembak -> 32877832
[86] CACHE OK: Tukad Grodogan banjar Gunung Pemogan | Tempat Wisata Melihat Ikan Banjar Gunung -> 36095239
[87] CACHE OK: Bali Exotic Marine Park -> 34771553
[88] CACHE OK: Pantai Karang -> 36391403
[89] CACHE OK: Pantai Segara Ayu -> 34431799
[90] CACHE OK: Mertasari Beach -> 4423657
[91] CACHE OK: Agung Jagatnatha Temple -> 35159215
[92] CACHE OK: Barong Dance Uma Dewi -> 31036831
[93] CACHE OK: Puri Agung Kesiman -> 35783262
[94] CACHE OK: Pura Campuhan Windhu Segara Padanggalak Denpasar -> 35461783
[95] CACHE OK: Museum Lukisan Sidik Jari -> 32313399
[96] CACHE OK: carihariinvest - Drone Photographer -> 36856727
[97] CACHE OK: Padang Galak Beach -> 35043040
[98] CACHE OK: Museum Bali -> 33471472
[99] CACHE OK: Hayam Wuruk Expo -> 32266800
[100] CACHE OK: TUDE HOUSE -> 31229171
[101] CACHE OK: Taman Layang-layang -> 30286800
[102] CACHE OK: Taman Cemara Pantai Padang Galak -> 35215198
[103] CACHE OK: Jamur tiram ARERA -> 36630824
[104] CACHE OK: Banjar Ujung -> 31889461
[105] CACHE OK: Pantai Dermaga -> 37864545
[106] CACHE OK: Istana Taman Jepun | Bali Frangipani Palace -> 38119444
[107] CACHE OK: Muara Adventure -> 37585362
[108] CACHE OK: Taman Agung Proklamasi -> 36226267
[109] CACHE OK: Taman Wisata mangrove -> 32829698
[110] CACHE OK: Sumber Sari Garden -> 35292320
[111] CACHE OK: Pantai Muara Beach Tangtu -> 12895224
[112] CACHE OK: D'Tukad Mancing -> 7116122
[113] CACHE OK: Pantai Campuhan -> 35144891
[114] CACHE OK: Taman Dam Oongan -> 5479844
[115] CACHE OK: Biaung Beach -> 31557543
[116] CACHE OK: BALI BALI CHARTER 🇮🇩🇯🇵 バリバリチャーター（日本語対応） -> 7565600
[117] CACHE OK: HEPI Garden -> 35284770
[118] CACHE OK: Museum Bung Karno -> 36313552
[119] CACHE OK: Wisata Edukasi Subak Teba Majalangu -> 35386126
[120] CACHE OK: Puri Agung Jrokuta Denpasar -> 38189894
[121] CACHE OK: Puri Agung Denpasar -> 34308120
[122] CACHE OK: YOUTH PARK -> 5684003
[123] CACHE OK: Taman Lalu Lintas Kota Denpasar -> 31772651
[124] CACHE OK: Pura Mekah -> 29377744
[125] CACHE OK: Agrowisata Tupai Emas -> 32191652
[126] CACHE OK: Badung river side -> 34765106
[127] CACHE OK: Uma Palak Lestari -> 30700876
[128] CACHE OK: Wisata family cafe -> 34579317
[129] CACHE OK: Perum SekarAntasura Denpasar Utara -> 36422828
[130] CACHE OK: Bali Agritours. Farming and Culinary Experience -> 35697843
[131] CACHE OK: Taman Beji Griya Waterfall Temple -> 32877833
[132] CACHE OK: Pandora Bali Rafting -> 30720684
[133] CACHE OK: Balai Subak Jempeng -> 36974834
[134] CACHE OK: Taman Mumbul Sangeh -> 37995057
[135] CACHE OK: Taman samudra sedang -> 30120381
[136] CACHE OK: Taman Gili Dukuh -> 36391402
[137] CACHE OK: S A PLAY GROUND -> 35364617
[138] CACHE OK: Yellow Garden Adventures & Experiences -> 35386129
[139] CACHE OK: Tanah Wuk – Hidden Jungle Retreat -> 35370759
[140] CACHE OK: Taman Anyar - Traditional Balinese House -> 32266901
[141] CACHE OK: Puri Belangsinga Punggul - Abiansemal, Badung, Bali -> 32877889
[142] CACHE OK: Bali Tarantula Adventure - ATV , RAFTING AND SWING -> 19995808
[143] CACHE OK: Pertiwi Adventure -> 7709870
[144] CACHE OK: Tirta taman mumbul pancoran solas sangeh -> 35067158
[145] CACHE OK: Pasar Mambal -> 31246481
[146] CACHE OK: LUMBUNGASRI | Puri Lumbung Waterpark, restaurant & cottage Managed by GHAYATRI Management -> 34811443
[147] CACHE OK: Jogging Track Tegeh Aban -> 34797811
[148] CACHE OK: Objek Wisata Sangeh -> 36105990
[149] CACHE OK: Swing Heaven -> 35182285
[150] CACHE OK: Pertigaan sangeh -> 32585348
[151] CACHE OK: Jogging Track Penarungan -> 18308671
[152] CACHE OK: SAWAH ADVENTURES -> 35343779
[153] CACHE OK: Bhuanabaliswing -> 37946009
[154] CACHE OK: My Swing Bali -> 33575026
[155] CACHE OK: Puri Banyuning Bongkasa -> 35094744
[156] CACHE OK: Pura Kawitan Warga Bendesa Gerih (Pura Sari) -> 35365592
[157] CACHE OK: Pondok Jaka Sangeh Bali -> 35357506
[158] CACHE OK: Sangeh Monkey Forest -> 5479889
[159] CACHE OK: Pura Taman Ayun ᬧᬸᬭ ᬢᬫᬦ᭄ ᬅᬬᬸᬦ᭄᭟ -> 35430570